*** Installation started 2015/04/22 13:24 ***
Source: C:\Users\Zack\Downloads\WMI-1.4.9.win32.exe
999 Root Key: HKEY_CURRENT_USER
040 Reg DB Value: [Software\Microsoft\Windows\CurrentVersion\Uninstall\WMI-py2.7]DisplayName=Python 2.7 WMI-1.4.9
040 Reg DB Value: [Software\Microsoft\Windows\CurrentVersion\Uninstall\WMI-py2.7]UninstallString="C:\Python27\RemoveWMI.exe" -u "C:\Python27\WMI-wininst.log"
200 File Copy: C:\Python27\readme.txt
200 File Copy: C:\Python27\Lib\site-packages\wmi.py
200 File Copy: C:\Python27\Scripts\wmitest.cmd
200 File Copy: C:\Python27\Scripts\wmitest.master.ini
200 File Copy: C:\Python27\Scripts\wmitest.py
200 File Copy: C:\Python27\Scripts\wmiweb.py
200 File Copy: C:\Python27\Scripts\wmiweb.pyc
200 File Copy: C:\Python27\Scripts\wmitest.pyc
200 File Copy: C:\Python27\Lib\site-packages\wmi.pyc
200 File Copy: C:\Python27\Scripts\wmiweb.pyo
200 File Copy: C:\Python27\Scripts\wmitest.pyo
200 File Copy: C:\Python27\Lib\site-packages\wmi.pyo
*** Installation started 2015/04/22 13:25 ***
Source: C:\Users\Zack\Downloads\WMI-1.4.9.win32.exe
999 Root Key: HKEY_CURRENT_USER
040 Reg DB Value: [Software\Microsoft\Windows\CurrentVersion\Uninstall\WMI-py2.7]DisplayName=Python 2.7 WMI-1.4.9
040 Reg DB Value: [Software\Microsoft\Windows\CurrentVersion\Uninstall\WMI-py2.7]UninstallString="C:\Python27\RemoveWMI.exe" -u "C:\Python27\WMI-wininst.log"
200 File Copy: C:\Python27\readme.txt
200 File Copy: C:\Python27\Lib\site-packages\wmi.py
200 File Copy: C:\Python27\Scripts\wmitest.cmd
200 File Copy: C:\Python27\Scripts\wmitest.master.ini
200 File Copy: C:\Python27\Scripts\wmitest.py
200 File Copy: C:\Python27\Scripts\wmiweb.py
200 File Copy: C:\Python27\Scripts\wmiweb.pyc
200 File Copy: C:\Python27\Scripts\wmitest.pyc
200 File Copy: C:\Python27\Lib\site-packages\wmi.pyc
200 File Copy: C:\Python27\Scripts\wmiweb.pyo
200 File Copy: C:\Python27\Scripts\wmitest.pyo
200 File Copy: C:\Python27\Lib\site-packages\wmi.pyo
*** Installation started 2015/04/22 13:25 ***
Source: C:\Users\Zack\Downloads\WMI-1.4.9.win32.exe
999 Root Key: HKEY_LOCAL_MACHINE
020 Reg DB Key: [Software\Microsoft\Windows\CurrentVersion\Uninstall]WMI-py2.7
040 Reg DB Value: [Software\Microsoft\Windows\CurrentVersion\Uninstall\WMI-py2.7]DisplayName=Python 2.7 WMI-1.4.9
040 Reg DB Value: [Software\Microsoft\Windows\CurrentVersion\Uninstall\WMI-py2.7]UninstallString="C:\Python27\RemoveWMI.exe" -u "C:\Python27\WMI-wininst.log"
200 File Copy: C:\Python27\readme.txt
200 File Copy: C:\Python27\Lib\site-packages\wmi.py
200 File Copy: C:\Python27\Scripts\wmitest.cmd
200 File Copy: C:\Python27\Scripts\wmitest.master.ini
200 File Copy: C:\Python27\Scripts\wmitest.py
200 File Copy: C:\Python27\Scripts\wmiweb.py
200 File Copy: C:\Python27\Scripts\wmiweb.pyc
200 File Copy: C:\Python27\Scripts\wmitest.pyc
200 File Copy: C:\Python27\Lib\site-packages\wmi.pyc
200 File Copy: C:\Python27\Scripts\wmiweb.pyo
200 File Copy: C:\Python27\Scripts\wmitest.pyo
200 File Copy: C:\Python27\Lib\site-packages\wmi.pyo
*** Installation started 2015/04/22 13:25 ***
Source: C:\Users\Zack\Downloads\WMI-1.4.9.win32.exe
999 Root Key: HKEY_CURRENT_USER
040 Reg DB Value: [Software\Microsoft\Windows\CurrentVersion\Uninstall\WMI-py2.7]DisplayName=Python 2.7 WMI-1.4.9
040 Reg DB Value: [Software\Microsoft\Windows\CurrentVersion\Uninstall\WMI-py2.7]UninstallString="C:\Python27\RemoveWMI.exe" -u "C:\Python27\WMI-wininst.log"
200 File Copy: C:\Python27\readme.txt
200 File Copy: C:\Python27\Lib\site-packages\wmi.py
200 File Copy: C:\Python27\Scripts\wmitest.cmd
200 File Copy: C:\Python27\Scripts\wmitest.master.ini
200 File Copy: C:\Python27\Scripts\wmitest.py
200 File Copy: C:\Python27\Scripts\wmiweb.py
200 File Copy: C:\Python27\Scripts\wmiweb.pyc
200 File Copy: C:\Python27\Scripts\wmitest.pyc
200 File Copy: C:\Python27\Lib\site-packages\wmi.pyc
200 File Copy: C:\Python27\Scripts\wmiweb.pyo
200 File Copy: C:\Python27\Scripts\wmitest.pyo
200 File Copy: C:\Python27\Lib\site-packages\wmi.pyo
*** Installation started 2015/04/22 13:25 ***
Source: C:\Users\Zack\Downloads\WMI-1.4.9.win32.exe
999 Root Key: HKEY_CURRENT_USER
040 Reg DB Value: [Software\Microsoft\Windows\CurrentVersion\Uninstall\WMI-py2.7]DisplayName=Python 2.7 WMI-1.4.9
040 Reg DB Value: [Software\Microsoft\Windows\CurrentVersion\Uninstall\WMI-py2.7]UninstallString="C:\Python27\RemoveWMI.exe" -u "C:\Python27\WMI-wininst.log"
200 File Copy: C:\Python27\readme.txt
200 File Copy: C:\Python27\Lib\site-packages\wmi.py
200 File Copy: C:\Python27\Scripts\wmitest.cmd
200 File Copy: C:\Python27\Scripts\wmitest.master.ini
200 File Copy: C:\Python27\Scripts\wmitest.py
200 File Copy: C:\Python27\Scripts\wmiweb.py
200 File Copy: C:\Python27\Scripts\wmiweb.pyc
200 File Copy: C:\Python27\Scripts\wmitest.pyc
200 File Copy: C:\Python27\Lib\site-packages\wmi.pyc
200 File Copy: C:\Python27\Scripts\wmiweb.pyo
200 File Copy: C:\Python27\Scripts\wmitest.pyo
200 File Copy: C:\Python27\Lib\site-packages\wmi.pyo
*** Installation started 2015/04/22 13:25 ***
Source: C:\Users\Zack\Downloads\WMI-1.4.9.win32.exe
999 Root Key: HKEY_LOCAL_MACHINE
040 Reg DB Value: [Software\Microsoft\Windows\CurrentVersion\Uninstall\WMI-py2.7]DisplayName=Python 2.7 WMI-1.4.9
040 Reg DB Value: [Software\Microsoft\Windows\CurrentVersion\Uninstall\WMI-py2.7]UninstallString="C:\Python27\RemoveWMI.exe" -u "C:\Python27\WMI-wininst.log"
200 File Copy: C:\Python27\readme.txt
200 File Copy: C:\Python27\Lib\site-packages\wmi.py
200 File Copy: C:\Python27\Scripts\wmitest.cmd
200 File Copy: C:\Python27\Scripts\wmitest.master.ini
200 File Copy: C:\Python27\Scripts\wmitest.py
200 File Copy: C:\Python27\Scripts\wmiweb.py
200 File Copy: C:\Python27\Scripts\wmiweb.pyc
200 File Copy: C:\Python27\Scripts\wmitest.pyc
200 File Copy: C:\Python27\Lib\site-packages\wmi.pyc
200 File Copy: C:\Python27\Scripts\wmiweb.pyo
200 File Copy: C:\Python27\Scripts\wmitest.pyo
200 File Copy: C:\Python27\Lib\site-packages\wmi.pyo
